<?xml version="1.0" encoding="UTF-8"?>
<testng-results ignored="0" total="0" passed="0" failed="0" skipped="0">
  <reporter-output>
  </reporter-output>
  <suite started-at="2023-08-14T05:35:18Z" name="runner.TestRunner" finished-at="2023-08-14T05:35:18Z" duration-ms="2">
    <groups>
    </groups>
    <test started-at="2023-08-14T05:35:18Z" name="Command line test" finished-at="2023-08-14T05:35:18Z" duration-ms="2">
    </test> <!-- Command line test -->
  </suite> <!-- runner.TestRunner -->
</testng-results>
