<?xml version="1.0" encoding="UTF-8"?>
<testng-results ignored="0" total="0" passed="0" failed="0" skipped="0">
  <reporter-output>
  </reporter-output>
  <suite started-at="2023-08-11T18:47:10Z" name="runner.TestRunner" finished-at="2023-08-11T18:47:10Z" duration-ms="4">
    <groups>
    </groups>
    <test started-at="2023-08-11T18:47:10Z" name="Command line test" finished-at="2023-08-11T18:47:10Z" duration-ms="4">
    </test> <!-- Command line test -->
  </suite> <!-- runner.TestRunner -->
</testng-results>
